{"C:\\Users\\olaff\\Projects\\Natly\\netlify\\functions\\newsletter\\utils\\rateLimit.ts": {"path":"C:\\Users\\olaff\\Projects\\Natly\\netlify\\functions\\newsletter\\utils\\rateLimit.ts","statementMap":{"0":{"start":{"line":5,"column":26},"end":{"line":5,"column":null}},"1":{"start":{"line":6,"column":23},"end":{"line":6,"column":null}},"2":{"start":{"line":12,"column":21},"end":{"line":12,"column":null}},"3":{"start":{"line":19,"column":14},"end":{"line":19,"column":null}},"4":{"start":{"line":20,"column":21},"end":{"line":20,"column":null}},"5":{"start":{"line":23,"column":27},"end":{"line":25,"column":null}},"6":{"start":{"line":24,"column":11},"end":{"line":24,"column":null}},"7":{"start":{"line":28,"column":2},"end":{"line":30,"column":null}},"8":{"start":{"line":29,"column":4},"end":{"line":29,"column":null}},"9":{"start":{"line":33,"column":2},"end":{"line":33,"column":null}},"10":{"start":{"line":34,"column":2},"end":{"line":34,"column":null}},"11":{"start":{"line":36,"column":2},"end":{"line":36,"column":null}},"12":{"start":{"line":44,"column":14},"end":{"line":44,"column":null}},"13":{"start":{"line":46,"column":2},"end":{"line":56,"column":null}},"14":{"start":{"line":47,"column":29},"end":{"line":49,"column":null}},"15":{"start":{"line":48,"column":13},"end":{"line":48,"column":null}},"16":{"start":{"line":51,"column":4},"end":{"line":55,"column":null}},"17":{"start":{"line":52,"column":6},"end":{"line":52,"column":null}},"18":{"start":{"line":54,"column":6},"end":{"line":54,"column":null}}},"fnMap":{"0":{"name":"checkRateLimit","decl":{"start":{"line":18,"column":16},"end":{"line":18,"column":31}},"loc":{"start":{"line":18,"column":52},"end":{"line":37,"column":null}},"line":18},"1":{"name":"(anonymous_1)","decl":{"start":{"line":24,"column":4},"end":{"line":24,"column":5}},"loc":{"start":{"line":24,"column":11},"end":{"line":24,"column":null}},"line":24},"2":{"name":"cleanupOldEntries","decl":{"start":{"line":43,"column":16},"end":{"line":43,"column":42}},"loc":{"start":{"line":43,"column":42},"end":{"line":57,"column":null}},"line":43},"3":{"name":"(anonymous_3)","decl":{"start":{"line":48,"column":6},"end":{"line":48,"column":7}},"loc":{"start":{"line":48,"column":13},"end":{"line":48,"column":null}},"line":48}},"branchMap":{"0":{"loc":{"start":{"line":20,"column":21},"end":{"line":20,"column":null}},"type":"binary-expr","locations":[{"start":{"line":20,"column":21},"end":{"line":20,"column":45}},{"start":{"line":20,"column":45},"end":{"line":20,"column":null}}],"line":20},"1":{"loc":{"start":{"line":28,"column":2},"end":{"line":30,"column":null}},"type":"if","locations":[{"start":{"line":28,"column":2},"end":{"line":30,"column":null}},{"start":{},"end":{}}],"line":28},"2":{"loc":{"start":{"line":51,"column":4},"end":{"line":55,"column":null}},"type":"if","locations":[{"start":{"line":51,"column":4},"end":{"line":55,"column":null}},{"start":{"line":53,"column":11},"end":{"line":55,"column":null}}],"line":51}},"s":{"0":2,"1":2,"2":2,"3":480,"4":480,"5":480,"6":713,"7":480,"8":118,"9":362,"10":362,"11":362,"12":3,"13":3,"14":21,"15":48,"16":21,"17":18,"18":3},"f":{"0":480,"1":713,"2":3,"3":48},"b":{"0":[480,124],"1":[118,362],"2":[18,3]},"meta":{"lastBranch":3,"lastFunction":4,"lastStatement":19,"seen":{"s:5:26:5:Infinity":0,"s:6:23:6:Infinity":1,"s:12:21:12:Infinity":2,"f:18:16:18:31":0,"s:19:14:19:Infinity":3,"s:20:21:20:Infinity":4,"b:20:21:20:45:20:45:20:Infinity":0,"s:23:27:25:Infinity":5,"f:24:4:24:5":1,"s:24:11:24:Infinity":6,"b:28:2:30:Infinity:undefined:undefined:undefined:undefined":1,"s:28:2:30:Infinity":7,"s:29:4:29:Infinity":8,"s:33:2:33:Infinity":9,"s:34:2:34:Infinity":10,"s:36:2:36:Infinity":11,"f:43:16:43:42":2,"s:44:14:44:Infinity":12,"s:46:2:56:Infinity":13,"s:47:29:49:Infinity":14,"f:48:6:48:7":3,"s:48:13:48:Infinity":15,"b:51:4:55:Infinity:53:11:55:Infinity":2,"s:51:4:55:Infinity":16,"s:52:6:52:Infinity":17,"s:54:6:54:Infinity":18}}}
,"C:\\Users\\olaff\\Projects\\Natly\\netlify\\functions\\newsletter\\utils\\tokenGen.ts": {"path":"C:\\Users\\olaff\\Projects\\Natly\\netlify\\functions\\newsletter\\utils\\tokenGen.ts","statementMap":{"0":{"start":{"line":13,"column":2},"end":{"line":13,"column":null}},"1":{"start":{"line":25,"column":2},"end":{"line":27,"column":null}},"2":{"start":{"line":26,"column":4},"end":{"line":26,"column":null}},"3":{"start":{"line":29,"column":2},"end":{"line":33,"column":null}},"4":{"start":{"line":45,"column":2},"end":{"line":47,"column":null}},"5":{"start":{"line":46,"column":4},"end":{"line":46,"column":null}},"6":{"start":{"line":49,"column":2},"end":{"line":49,"column":null}}},"fnMap":{"0":{"name":"generateDbToken","decl":{"start":{"line":12,"column":16},"end":{"line":12,"column":42}},"loc":{"start":{"line":12,"column":42},"end":{"line":14,"column":null}},"line":12},"1":{"name":"generateJWT","decl":{"start":{"line":20,"column":16},"end":{"line":20,"column":null}},"loc":{"start":{"line":24,"column":10},"end":{"line":34,"column":null}},"line":24},"2":{"name":"verifyJWT","decl":{"start":{"line":40,"column":16},"end":{"line":40,"column":26}},"loc":{"start":{"line":44,"column":2},"end":{"line":54,"column":null}},"line":44}},"branchMap":{"0":{"loc":{"start":{"line":25,"column":2},"end":{"line":27,"column":null}},"type":"if","locations":[{"start":{"line":25,"column":2},"end":{"line":27,"column":null}},{"start":{},"end":{}}],"line":25},"1":{"loc":{"start":{"line":45,"column":2},"end":{"line":47,"column":null}},"type":"if","locations":[{"start":{"line":45,"column":2},"end":{"line":47,"column":null}},{"start":{},"end":{}}],"line":45}},"s":{"0":18,"1":20,"2":2,"3":18,"4":17,"5":1,"6":16},"f":{"0":18,"1":20,"2":17},"b":{"0":[2,18],"1":[1,16]},"meta":{"lastBranch":2,"lastFunction":3,"lastStatement":7,"seen":{"f:12:16:12:42":0,"s:13:2:13:Infinity":0,"f:20:16:20:Infinity":1,"b:25:2:27:Infinity:undefined:undefined:undefined:undefined":0,"s:25:2:27:Infinity":1,"s:26:4:26:Infinity":2,"s:29:2:33:Infinity":3,"f:40:16:40:26":2,"b:45:2:47:Infinity:undefined:undefined:undefined:undefined":1,"s:45:2:47:Infinity":4,"s:46:4:46:Infinity":5,"s:49:2:49:Infinity":6}}}
,"C:\\Users\\olaff\\Projects\\Natly\\netlify\\functions\\newsletter\\utils\\validation.ts": {"path":"C:\\Users\\olaff\\Projects\\Natly\\netlify\\functions\\newsletter\\utils\\validation.ts","statementMap":{"0":{"start":{"line":11,"column":39},"end":{"line":22,"column":null}},"1":{"start":{"line":31,"column":21},"end":{"line":31,"column":null}},"2":{"start":{"line":32,"column":2},"end":{"line":32,"column":null}},"3":{"start":{"line":37,"column":2},"end":{"line":37,"column":null}},"4":{"start":{"line":41,"column":2},"end":{"line":41,"column":null}}},"fnMap":{"0":{"name":"validateEmail","decl":{"start":{"line":30,"column":16},"end":{"line":30,"column":30}},"loc":{"start":{"line":30,"column":54},"end":{"line":33,"column":null}},"line":30},"1":{"name":"normalizeLanguage","decl":{"start":{"line":35,"column":16},"end":{"line":35,"column":34}},"loc":{"start":{"line":35,"column":56},"end":{"line":38,"column":null}},"line":35},"2":{"name":"isHoneypotFilled","decl":{"start":{"line":40,"column":16},"end":{"line":40,"column":33}},"loc":{"start":{"line":40,"column":61},"end":{"line":42,"column":null}},"line":40}},"branchMap":{"0":{"loc":{"start":{"line":41,"column":17},"end":{"line":41,"column":55}},"type":"binary-expr","locations":[{"start":{"line":41,"column":17},"end":{"line":41,"column":29}},{"start":{"line":41,"column":29},"end":{"line":41,"column":55}}],"line":41}},"s":{"0":2,"1":10,"2":10,"3":13,"4":9},"f":{"0":10,"1":13,"2":9},"b":{"0":[9,6]},"meta":{"lastBranch":1,"lastFunction":3,"lastStatement":5,"seen":{"s:11:39:22:Infinity":0,"f:30:16:30:30":0,"s:31:21:31:Infinity":1,"s:32:2:32:Infinity":2,"f:35:16:35:34":1,"s:37:2:37:Infinity":3,"f:40:16:40:33":2,"s:41:2:41:Infinity":4,"b:41:17:41:29:41:29:41:55":0}}}
,"C:\\Users\\olaff\\Projects\\Natly\\src\\features\\newsletter\\api\\newsletter.api.ts": {"path":"C:\\Users\\olaff\\Projects\\Natly\\src\\features\\newsletter\\api\\newsletter.api.ts","statementMap":{"0":{"start":{"line":16,"column":17},"end":{"line":16,"column":null}},"1":{"start":{"line":22,"column":2},"end":{"line":53,"column":null}},"2":{"start":{"line":23,"column":21},"end":{"line":29,"column":null}},"3":{"start":{"line":31,"column":17},"end":{"line":31,"column":null}},"4":{"start":{"line":33,"column":4},"end":{"line":39,"column":null}},"5":{"start":{"line":34,"column":6},"end":{"line":38,"column":null}},"6":{"start":{"line":41,"column":4},"end":{"line":41,"column":null}},"7":{"start":{"line":43,"column":4},"end":{"line":45,"column":null}},"8":{"start":{"line":44,"column":6},"end":{"line":44,"column":null}},"9":{"start":{"line":47,"column":4},"end":{"line":52,"column":null}},"10":{"start":{"line":56,"column":29},"end":{"line":92,"column":null}},"11":{"start":{"line":63,"column":4},"end":{"line":66,"column":null}},"12":{"start":{"line":75,"column":4},"end":{"line":78,"column":null}},"13":{"start":{"line":87,"column":4},"end":{"line":90,"column":null}}},"fnMap":{"0":{"name":"fetchApi","decl":{"start":{"line":18,"column":15},"end":{"line":18,"column":null}},"loc":{"start":{"line":21,"column":14},"end":{"line":54,"column":null}},"line":21},"1":{"name":"(anonymous_1)","decl":{"start":{"line":60,"column":13},"end":{"line":60,"column":null}},"loc":{"start":{"line":62,"column":35},"end":{"line":67,"column":null}},"line":62},"2":{"name":"(anonymous_2)","decl":{"start":{"line":72,"column":11},"end":{"line":72,"column":null}},"loc":{"start":{"line":74,"column":33},"end":{"line":79,"column":null}},"line":74},"3":{"name":"(anonymous_3)","decl":{"start":{"line":84,"column":15},"end":{"line":84,"column":null}},"loc":{"start":{"line":86,"column":37},"end":{"line":91,"column":null}},"line":86}},"branchMap":{"0":{"loc":{"start":{"line":20,"column":2},"end":{"line":20,"column":null}},"type":"default-arg","locations":[{"start":{"line":20,"column":25},"end":{"line":20,"column":null}}],"line":20},"1":{"loc":{"start":{"line":33,"column":4},"end":{"line":39,"column":null}},"type":"if","locations":[{"start":{"line":33,"column":4},"end":{"line":39,"column":null}},{"start":{},"end":{}}],"line":33},"2":{"loc":{"start":{"line":35,"column":8},"end":{"line":35,"column":null}},"type":"binary-expr","locations":[{"start":{"line":35,"column":8},"end":{"line":35,"column":22}},{"start":{"line":35,"column":22},"end":{"line":35,"column":null}}],"line":35},"3":{"loc":{"start":{"line":36,"column":8},"end":{"line":36,"column":null}},"type":"binary-expr","locations":[{"start":{"line":36,"column":8},"end":{"line":36,"column":21}},{"start":{"line":36,"column":21},"end":{"line":36,"column":null}}],"line":36},"4":{"loc":{"start":{"line":43,"column":4},"end":{"line":45,"column":null}},"type":"if","locations":[{"start":{"line":43,"column":4},"end":{"line":45,"column":null}},{"start":{},"end":{}}],"line":43}},"s":{"0":1,"1":16,"2":16,"3":14,"4":13,"5":8,"6":5,"7":11,"8":8,"9":3,"10":1,"11":11,"12":3,"13":2},"f":{"0":16,"1":11,"2":3,"3":2},"b":{"0":[16],"1":[8,5],"2":[8,1],"3":[8,1],"4":[8,3]},"meta":{"lastBranch":5,"lastFunction":4,"lastStatement":14,"seen":{"s:16:17:16:Infinity":0,"f:18:15:18:Infinity":0,"b:20:25:20:Infinity":0,"s:22:2:53:Infinity":1,"s:23:21:29:Infinity":2,"s:31:17:31:Infinity":3,"b:33:4:39:Infinity:undefined:undefined:undefined:undefined":1,"s:33:4:39:Infinity":4,"s:34:6:38:Infinity":5,"b:35:8:35:22:35:22:35:Infinity":2,"b:36:8:36:21:36:21:36:Infinity":3,"s:41:4:41:Infinity":6,"b:43:4:45:Infinity:undefined:undefined:undefined:undefined":4,"s:43:4:45:Infinity":7,"s:44:6:44:Infinity":8,"s:47:4:52:Infinity":9,"s:56:29:92:Infinity":10,"f:60:13:60:Infinity":1,"s:63:4:66:Infinity":11,"f:72:11:72:Infinity":2,"s:75:4:78:Infinity":12,"f:84:15:84:Infinity":3,"s:87:4:90:Infinity":13}}}
,"C:\\Users\\olaff\\Projects\\Natly\\src\\features\\newsletter\\components\\NewsletterForm.tsx": {"path":"C:\\Users\\olaff\\Projects\\Natly\\src\\features\\newsletter\\components\\NewsletterForm.tsx","statementMap":{"0":{"start":{"line":9,"column":18},"end":{"line":9,"column":null}},"1":{"start":{"line":10,"column":24},"end":{"line":10,"column":null}},"2":{"start":{"line":11,"column":26},"end":{"line":11,"column":null}},"3":{"start":{"line":12,"column":38},"end":{"line":12,"column":null}},"4":{"start":{"line":15,"column":23},"end":{"line":18,"column":null}},"5":{"start":{"line":16,"column":23},"end":{"line":16,"column":null}},"6":{"start":{"line":17,"column":4},"end":{"line":17,"column":null}},"7":{"start":{"line":20,"column":23},"end":{"line":71,"column":null}},"8":{"start":{"line":21,"column":4},"end":{"line":21,"column":null}},"9":{"start":{"line":24,"column":4},"end":{"line":32,"column":null}},"10":{"start":{"line":25,"column":6},"end":{"line":25,"column":null}},"11":{"start":{"line":26,"column":6},"end":{"line":26,"column":null}},"12":{"start":{"line":27,"column":6},"end":{"line":30,"column":null}},"13":{"start":{"line":28,"column":8},"end":{"line":28,"column":null}},"14":{"start":{"line":29,"column":8},"end":{"line":29,"column":null}},"15":{"start":{"line":31,"column":6},"end":{"line":31,"column":null}},"16":{"start":{"line":34,"column":4},"end":{"line":42,"column":null}},"17":{"start":{"line":35,"column":6},"end":{"line":35,"column":null}},"18":{"start":{"line":36,"column":6},"end":{"line":36,"column":null}},"19":{"start":{"line":37,"column":6},"end":{"line":40,"column":null}},"20":{"start":{"line":38,"column":8},"end":{"line":38,"column":null}},"21":{"start":{"line":39,"column":8},"end":{"line":39,"column":null}},"22":{"start":{"line":41,"column":6},"end":{"line":41,"column":null}},"23":{"start":{"line":44,"column":4},"end":{"line":44,"column":null}},"24":{"start":{"line":45,"column":4},"end":{"line":45,"column":null}},"25":{"start":{"line":48,"column":21},"end":{"line":48,"column":null}},"26":{"start":{"line":49,"column":21},"end":{"line":49,"column":null}},"27":{"start":{"line":51,"column":4},"end":{"line":70,"column":null}},"28":{"start":{"line":52,"column":6},"end":{"line":56,"column":null}},"29":{"start":{"line":58,"column":6},"end":{"line":58,"column":null}},"30":{"start":{"line":59,"column":6},"end":{"line":59,"column":null}},"31":{"start":{"line":60,"column":6},"end":{"line":60,"column":null}},"32":{"start":{"line":60,"column":23},"end":{"line":60,"column":42}},"33":{"start":{"line":62,"column":6},"end":{"line":62,"column":null}},"34":{"start":{"line":63,"column":12},"end":{"line":63,"column":null}},"35":{"start":{"line":64,"column":6},"end":{"line":64,"column":null}},"36":{"start":{"line":65,"column":6},"end":{"line":65,"column":null}},"37":{"start":{"line":66,"column":6},"end":{"line":69,"column":null}},"38":{"start":{"line":67,"column":8},"end":{"line":67,"column":null}},"39":{"start":{"line":68,"column":8},"end":{"line":68,"column":null}},"40":{"start":{"line":73,"column":2},"end":{"line":121,"column":null}},"41":{"start":{"line":100,"column":29},"end":{"line":100,"column":null}}},"fnMap":{"0":{"name":"NewsletterForm","decl":{"start":{"line":8,"column":24},"end":{"line":8,"column":41}},"loc":{"start":{"line":8,"column":41},"end":{"line":123,"column":null}},"line":8},"1":{"name":"(anonymous_1)","decl":{"start":{"line":15,"column":23},"end":{"line":15,"column":24}},"loc":{"start":{"line":15,"column":51},"end":{"line":18,"column":null}},"line":15},"2":{"name":"(anonymous_2)","decl":{"start":{"line":20,"column":23},"end":{"line":20,"column":30}},"loc":{"start":{"line":20,"column":70},"end":{"line":71,"column":null}},"line":20},"3":{"name":"(anonymous_3)","decl":{"start":{"line":27,"column":17},"end":{"line":27,"column":23}},"loc":{"start":{"line":27,"column":23},"end":{"line":30,"column":9}},"line":27},"4":{"name":"(anonymous_4)","decl":{"start":{"line":37,"column":17},"end":{"line":37,"column":23}},"loc":{"start":{"line":37,"column":23},"end":{"line":40,"column":9}},"line":37},"5":{"name":"(anonymous_5)","decl":{"start":{"line":60,"column":17},"end":{"line":60,"column":23}},"loc":{"start":{"line":60,"column":23},"end":{"line":60,"column":42}},"line":60},"6":{"name":"(anonymous_6)","decl":{"start":{"line":66,"column":17},"end":{"line":66,"column":23}},"loc":{"start":{"line":66,"column":23},"end":{"line":69,"column":9}},"line":66},"7":{"name":"(anonymous_7)","decl":{"start":{"line":100,"column":22},"end":{"line":100,"column":23}},"loc":{"start":{"line":100,"column":29},"end":{"line":100,"column":null}},"line":100}},"branchMap":{"0":{"loc":{"start":{"line":24,"column":4},"end":{"line":32,"column":null}},"type":"if","locations":[{"start":{"line":24,"column":4},"end":{"line":32,"column":null}},{"start":{},"end":{}}],"line":24},"1":{"loc":{"start":{"line":25,"column":22},"end":{"line":25,"column":71}},"type":"binary-expr","locations":[{"start":{"line":25,"column":22},"end":{"line":25,"column":52}},{"start":{"line":25,"column":52},"end":{"line":25,"column":71}}],"line":25},"2":{"loc":{"start":{"line":34,"column":4},"end":{"line":42,"column":null}},"type":"if","locations":[{"start":{"line":34,"column":4},"end":{"line":42,"column":null}},{"start":{},"end":{}}],"line":34},"3":{"loc":{"start":{"line":35,"column":22},"end":{"line":35,"column":76}},"type":"binary-expr","locations":[{"start":{"line":35,"column":22},"end":{"line":35,"column":54}},{"start":{"line":35,"column":54},"end":{"line":35,"column":76}}],"line":35},"4":{"loc":{"start":{"line":64,"column":22},"end":{"line":64,"column":86}},"type":"binary-expr","locations":[{"start":{"line":64,"column":22},"end":{"line":64,"column":40}},{"start":{"line":64,"column":40},"end":{"line":64,"column":86}}],"line":64},"5":{"loc":{"start":{"line":82,"column":7},"end":{"line":114,"column":null}},"type":"cond-expr","locations":[{"start":{"line":83,"column":8},"end":{"line":85,"column":null}},{"start":{"line":87,"column":8},"end":{"line":114,"column":null}}],"line":82},"6":{"loc":{"start":{"line":112,"column":13},"end":{"line":112,"column":null}},"type":"cond-expr","locations":[{"start":{"line":112,"column":36},"end":{"line":112,"column":62}},{"start":{"line":112,"column":62},"end":{"line":112,"column":null}}],"line":112},"7":{"loc":{"start":{"line":118,"column":7},"end":{"line":119,"column":null}},"type":"binary-expr","locations":[{"start":{"line":118,"column":7},"end":{"line":118,"column":29}},{"start":{"line":118,"column":29},"end":{"line":118,"column":null}},{"start":{"line":119,"column":8},"end":{"line":119,"column":null}}],"line":118}},"s":{"0":163,"1":163,"2":163,"3":163,"4":163,"5":8,"6":8,"7":163,"8":9,"9":9,"10":1,"11":1,"12":1,"13":0,"14":0,"15":1,"16":8,"17":1,"18":1,"19":1,"20":0,"21":0,"22":1,"23":7,"24":7,"25":7,"26":7,"27":7,"28":7,"29":6,"30":6,"31":6,"32":0,"33":1,"34":1,"35":1,"36":1,"37":1,"38":0,"39":0,"40":163,"41":134},"f":{"0":163,"1":8,"2":9,"3":0,"4":0,"5":0,"6":0,"7":134},"b":{"0":[1,8],"1":[1,0],"2":[1,7],"3":[1,0],"4":[1,0],"5":[4,159],"6":[7,152],"7":[163,3,3]},"meta":{"lastBranch":8,"lastFunction":8,"lastStatement":42,"seen":{"f:8:24:8:41":0,"s:9:18:9:Infinity":0,"s:10:24:10:Infinity":1,"s:11:26:11:Infinity":2,"s:12:38:12:Infinity":3,"s:15:23:18:Infinity":4,"f:15:23:15:24":1,"s:16:23:16:Infinity":5,"s:17:4:17:Infinity":6,"s:20:23:71:Infinity":7,"f:20:23:20:30":2,"s:21:4:21:Infinity":8,"b:24:4:32:Infinity:undefined:undefined:undefined:undefined":0,"s:24:4:32:Infinity":9,"s:25:6:25:Infinity":10,"b:25:22:25:52:25:52:25:71":1,"s:26:6:26:Infinity":11,"s:27:6:30:Infinity":12,"f:27:17:27:23":3,"s:28:8:28:Infinity":13,"s:29:8:29:Infinity":14,"s:31:6:31:Infinity":15,"b:34:4:42:Infinity:undefined:undefined:undefined:undefined":2,"s:34:4:42:Infinity":16,"s:35:6:35:Infinity":17,"b:35:22:35:54:35:54:35:76":3,"s:36:6:36:Infinity":18,"s:37:6:40:Infinity":19,"f:37:17:37:23":4,"s:38:8:38:Infinity":20,"s:39:8:39:Infinity":21,"s:41:6:41:Infinity":22,"s:44:4:44:Infinity":23,"s:45:4:45:Infinity":24,"s:48:21:48:Infinity":25,"s:49:21:49:Infinity":26,"s:51:4:70:Infinity":27,"s:52:6:56:Infinity":28,"s:58:6:58:Infinity":29,"s:59:6:59:Infinity":30,"s:60:6:60:Infinity":31,"f:60:17:60:23":5,"s:60:23:60:42":32,"s:62:6:62:Infinity":33,"s:63:12:63:Infinity":34,"s:64:6:64:Infinity":35,"b:64:22:64:40:64:40:64:86":4,"s:65:6:65:Infinity":36,"s:66:6:69:Infinity":37,"f:66:17:66:23":6,"s:67:8:67:Infinity":38,"s:68:8:68:Infinity":39,"s:73:2:121:Infinity":40,"b:83:8:85:Infinity:87:8:114:Infinity":5,"f:100:22:100:23":7,"s:100:29:100:Infinity":41,"b:112:36:112:62:112:62:112:Infinity":6,"b:118:7:118:29:118:29:118:Infinity:119:8:119:Infinity":7}}}
,"C:\\Users\\olaff\\Projects\\Natly\\src\\features\\newsletter\\constants\\newsletter.constants.ts": {"path":"C:\\Users\\olaff\\Projects\\Natly\\src\\features\\newsletter\\constants\\newsletter.constants.ts","statementMap":{"0":{"start":{"line":5,"column":36},"end":{"line":44,"column":null}}},"fnMap":{},"branchMap":{},"s":{"0":1},"f":{},"b":{},"meta":{"lastBranch":0,"lastFunction":0,"lastStatement":1,"seen":{"s:5:36:44:Infinity":0}}}
,"C:\\Users\\olaff\\Projects\\Natly\\src\\lib\\errors\\NewsletterError.ts": {"path":"C:\\Users\\olaff\\Projects\\Natly\\src\\lib\\errors\\NewsletterError.ts","statementMap":{"0":{"start":{"line":16,"column":4},"end":{"line":16,"column":null}},"1":{"start":{"line":17,"column":4},"end":{"line":17,"column":null}},"2":{"start":{"line":18,"column":4},"end":{"line":18,"column":null}},"3":{"start":{"line":19,"column":4},"end":{"line":19,"column":null}},"4":{"start":{"line":20,"column":4},"end":{"line":20,"column":null}},"5":{"start":{"line":23,"column":4},"end":{"line":25,"column":null}},"6":{"start":{"line":24,"column":7},"end":{"line":24,"column":null}},"7":{"start":{"line":30,"column":27},"end":{"line":50,"column":null}}},"fnMap":{"0":{"name":"(anonymous_0)","decl":{"start":{"line":10,"column":2},"end":{"line":10,"column":null}},"loc":{"start":{"line":15,"column":4},"end":{"line":26,"column":null}},"line":15}},"branchMap":{"0":{"loc":{"start":{"line":13,"column":4},"end":{"line":13,"column":null}},"type":"default-arg","locations":[{"start":{"line":13,"column":25},"end":{"line":13,"column":null}}],"line":13},"1":{"loc":{"start":{"line":23,"column":4},"end":{"line":25,"column":null}},"type":"if","locations":[{"start":{"line":23,"column":4},"end":{"line":25,"column":null}},{"start":{},"end":{}}],"line":23}},"s":{"0":16,"1":16,"2":16,"3":16,"4":16,"5":16,"6":16,"7":3},"f":{"0":16},"b":{"0":[16],"1":[16,0]},"meta":{"lastBranch":2,"lastFunction":1,"lastStatement":8,"seen":{"f:10:2:10:Infinity":0,"b:13:25:13:Infinity":0,"s:16:4:16:Infinity":0,"s:17:4:17:Infinity":1,"s:18:4:18:Infinity":2,"s:19:4:19:Infinity":3,"s:20:4:20:Infinity":4,"b:23:4:25:Infinity:undefined:undefined:undefined:undefined":1,"s:23:4:25:Infinity":5,"s:24:7:24:Infinity":6,"s:30:27:50:Infinity":7}}}
,"C:\\Users\\olaff\\Projects\\Natly\\src\\lib\\errors\\errorHandler.ts": {"path":"C:\\Users\\olaff\\Projects\\Natly\\src\\lib\\errors\\errorHandler.ts","statementMap":{"0":{"start":{"line":6,"column":2},"end":{"line":11,"column":null}},"1":{"start":{"line":7,"column":4},"end":{"line":10,"column":null}},"2":{"start":{"line":14,"column":2},"end":{"line":19,"column":null}},"3":{"start":{"line":15,"column":4},"end":{"line":18,"column":null}},"4":{"start":{"line":22,"column":2},"end":{"line":35,"column":null}},"5":{"start":{"line":24,"column":4},"end":{"line":29,"column":null}},"6":{"start":{"line":25,"column":6},"end":{"line":28,"column":null}},"7":{"start":{"line":31,"column":4},"end":{"line":34,"column":null}},"8":{"start":{"line":38,"column":2},"end":{"line":38,"column":null}},"9":{"start":{"line":40,"column":2},"end":{"line":43,"column":null}},"10":{"start":{"line":47,"column":2},"end":{"line":49,"column":null}},"11":{"start":{"line":48,"column":4},"end":{"line":48,"column":null}}},"fnMap":{"0":{"name":"handleApiError","decl":{"start":{"line":4,"column":16},"end":{"line":4,"column":31}},"loc":{"start":{"line":4,"column":60},"end":{"line":44,"column":null}},"line":4},"1":{"name":"logError","decl":{"start":{"line":46,"column":16},"end":{"line":46,"column":25}},"loc":{"start":{"line":46,"column":65},"end":{"line":55,"column":null}},"line":46}},"branchMap":{"0":{"loc":{"start":{"line":6,"column":2},"end":{"line":11,"column":null}},"type":"if","locations":[{"start":{"line":6,"column":2},"end":{"line":11,"column":null}},{"start":{},"end":{}}],"line":6},"1":{"loc":{"start":{"line":14,"column":2},"end":{"line":19,"column":null}},"type":"if","locations":[{"start":{"line":14,"column":2},"end":{"line":19,"column":null}},{"start":{},"end":{}}],"line":14},"2":{"loc":{"start":{"line":14,"column":6},"end":{"line":14,"column":69}},"type":"binary-expr","locations":[{"start":{"line":14,"column":6},"end":{"line":14,"column":36}},{"start":{"line":14,"column":36},"end":{"line":14,"column":69}}],"line":14},"3":{"loc":{"start":{"line":22,"column":2},"end":{"line":35,"column":null}},"type":"if","locations":[{"start":{"line":22,"column":2},"end":{"line":35,"column":null}},{"start":{},"end":{}}],"line":22},"4":{"loc":{"start":{"line":24,"column":4},"end":{"line":29,"column":null}},"type":"if","locations":[{"start":{"line":24,"column":4},"end":{"line":29,"column":null}},{"start":{},"end":{}}],"line":24},"5":{"loc":{"start":{"line":33,"column":13},"end":{"line":33,"column":null}},"type":"binary-expr","locations":[{"start":{"line":33,"column":13},"end":{"line":33,"column":30}},{"start":{"line":33,"column":30},"end":{"line":33,"column":null}}],"line":33},"6":{"loc":{"start":{"line":47,"column":2},"end":{"line":49,"column":null}},"type":"if","locations":[{"start":{"line":47,"column":2},"end":{"line":49,"column":null}},{"start":{},"end":{}}],"line":47},"7":{"loc":{"start":{"line":48,"column":22},"end":{"line":48,"column":40}},"type":"binary-expr","locations":[{"start":{"line":48,"column":22},"end":{"line":48,"column":33}},{"start":{"line":48,"column":33},"end":{"line":48,"column":40}}],"line":48}},"s":{"0":1,"1":0,"2":1,"3":0,"4":1,"5":1,"6":0,"7":1,"8":0,"9":0,"10":1,"11":1},"f":{"0":1,"1":1},"b":{"0":[0,1],"1":[0,1],"2":[1,0],"3":[1,0],"4":[0,1],"5":[1,0],"6":[1,0],"7":[1,0]},"meta":{"lastBranch":8,"lastFunction":2,"lastStatement":12,"seen":{"f:4:16:4:31":0,"b:6:2:11:Infinity:undefined:undefined:undefined:undefined":0,"s:6:2:11:Infinity":0,"s:7:4:10:Infinity":1,"b:14:2:19:Infinity:undefined:undefined:undefined:undefined":1,"s:14:2:19:Infinity":2,"b:14:6:14:36:14:36:14:69":2,"s:15:4:18:Infinity":3,"b:22:2:35:Infinity:undefined:undefined:undefined:undefined":3,"s:22:2:35:Infinity":4,"b:24:4:29:Infinity:undefined:undefined:undefined:undefined":4,"s:24:4:29:Infinity":5,"s:25:6:28:Infinity":6,"s:31:4:34:Infinity":7,"b:33:13:33:30:33:30:33:Infinity":5,"s:38:2:38:Infinity":8,"s:40:2:43:Infinity":9,"f:46:16:46:25":1,"b:47:2:49:Infinity:undefined:undefined:undefined:undefined":6,"s:47:2:49:Infinity":10,"s:48:4:48:Infinity":11,"b:48:22:48:33:48:33:48:40":7}}}
}
